<?xml version="1.0" encoding="UTF-8"?>
<!-- Generated by org.testng.reporters.JUnitReportReporter -->
<testsuite hostname="DESKTOP-1BLE9HI" failures="0" tests="6" name="Guru99cartPageTest.guruPageTest" time="0.001" errors="1" timestamp="2024-07-31T12:34:05 IST" skipped="5">
  <testcase classname="Guru99cartPageTest.guruPageTest" name="setpage" time="0.001">
    <error message="Cannot invoke &quot;Guru99cartpage.Guru99homepage.selectQuantity()&quot; because &quot;this.hp&quot; is null" type="java.lang.NullPointerException">
      <![CDATA[java.lang.NullPointerException: Cannot invoke "Guru99cartpage.Guru99homepage.selectQuantity()" because "this.hp" is null
at Guru99cartPageTest.BaseClass.setpage(BaseClass.java:36)
at java.base/jdk.internal.reflect.NativeMethodAccessorImpl.invoke0(Native Method)
at java.base/jdk.internal.reflect.NativeMethodAccessorImpl.invoke(NativeMethodAccessorImpl.java:77)
at java.base/jdk.internal.reflect.DelegatingMethodAccessorImpl.invoke(DelegatingMethodAccessorImpl.java:43)
at java.base/java.lang.reflect.Method.invoke(Method.java:568)
at org.testng.internal.MethodInvocationHelper.invokeMethod(MethodInvocationHelper.java:133)
at org.testng.internal.MethodInvocationHelper.invokeMethodConsideringTimeout(MethodInvocationHelper.java:62)
at org.testng.internal.ConfigInvoker.invokeConfigurationMethod(ConfigInvoker.java:385)
at org.testng.internal.ConfigInvoker.invokeConfigurations(ConfigInvoker.java:321)
at org.testng.internal.TestMethodWorker.invokeBeforeClassMethods(TestMethodWorker.java:176)
at org.testng.internal.TestMethodWorker.run(TestMethodWorker.java:122)
at java.base/java.util.ArrayList.forEach(ArrayList.java:1511)
at org.testng.TestRunner.privateRun(TestRunner.java:794)
at org.testng.TestRunner.run(TestRunner.java:596)
at org.testng.SuiteRunner.runTest(SuiteRunner.java:377)
at org.testng.SuiteRunner.runSequentially(SuiteRunner.java:371)
at org.testng.SuiteRunner.privateRun(SuiteRunner.java:332)
at org.testng.SuiteRunner.run(SuiteRunner.java:276)
at org.testng.SuiteRunnerWorker.runSuite(SuiteRunnerWorker.java:53)
at org.testng.SuiteRunnerWorker.run(SuiteRunnerWorker.java:96)
at org.testng.TestNG.runSuitesSequentially(TestNG.java:1212)
at org.testng.TestNG.runSuitesLocally(TestNG.java:1134)
at org.testng.TestNG.runSuites(TestNG.java:1063)
at org.testng.TestNG.run(TestNG.java:1031)
at org.testng.remote.AbstractRemoteTestNG.run(AbstractRemoteTestNG.java:115)
at org.testng.remote.RemoteTestNG.initAndRun(RemoteTestNG.java:293)
at org.testng.remote.RemoteTestNG.main(RemoteTestNG.java:91)
]]>
    </error>
  </testcase> <!-- setpage -->
  <system-out/>
  <testcase classname="Guru99cartPageTest.guruPageTest" name="testCardNumber" time="0.000">
    <skipped/>
  </testcase> <!-- testCardNumber -->
  <system-out/>
  <testcase classname="Guru99cartPageTest.guruPageTest" name="testmonth" time="0.000">
    <skipped/>
  </testcase> <!-- testmonth -->
  <system-out/>
  <testcase classname="Guru99cartPageTest.guruPageTest" name="testyear" time="0.000">
    <skipped/>
  </testcase> <!-- testyear -->
  <system-out/>
  <testcase classname="Guru99cartPageTest.guruPageTest" name="testcod" time="0.000">
    <skipped/>
  </testcase> <!-- testcod -->
  <system-out/>
  <testcase classname="Guru99cartPageTest.guruPageTest" name="testclick" time="0.000">
    <skipped/>
  </testcase> <!-- testclick -->
  <system-out/>
</testsuite> <!-- Guru99cartPageTest.guruPageTest -->
